<?xml version="1.0" encoding="UTF-8"?>
<testsuite name="co.alexjo.examsquirrel.exam.QuestionFormatExceptionTest" tests="2" skipped="0" failures="0" errors="0" timestamp="2017-02-17T20:30:49" hostname="Alexbrjo.local" time="0.002">
  <properties/>
  <testcase name="testThrowQuestionFormatException" classname="co.alexjo.examsquirrel.exam.QuestionFormatExceptionTest" time="0.001"/>
  <testcase name="testNewQuestionFormatException" classname="co.alexjo.examsquirrel.exam.QuestionFormatExceptionTest" time="0.001"/>
  <system-out><![CDATA[]]></system-out>
  <system-err><![CDATA[]]></system-err>
</testsuite>
