<?xml version="1.0" encoding="UTF-8"?>
<testsuite name="co.alexjo.examsquirrel.exam.QuestionTest" tests="13" skipped="0" failures="0" errors="0" timestamp="2017-02-17T20:30:49" hostname="Alexbrjo.local" time="0.008">
  <properties/>
  <testcase name="testSetVariation" classname="co.alexjo.examsquirrel.exam.QuestionTest" time="0.0"/>
  <testcase name="testGetTopic" classname="co.alexjo.examsquirrel.exam.QuestionTest" time="0.0"/>
  <testcase name="testGetId" classname="co.alexjo.examsquirrel.exam.QuestionTest" time="0.0"/>
  <testcase name="testSetContent" classname="co.alexjo.examsquirrel.exam.QuestionTest" time="0.0"/>
  <testcase name="testToString" classname="co.alexjo.examsquirrel.exam.QuestionTest" time="0.0"/>
  <testcase name="testNewQuestion" classname="co.alexjo.examsquirrel.exam.QuestionTest" time="0.001"/>
  <testcase name="testGetTips" classname="co.alexjo.examsquirrel.exam.QuestionTest" time="0.0"/>
  <testcase name="testAddChoice" classname="co.alexjo.examsquirrel.exam.QuestionTest" time="0.0"/>
  <testcase name="testGetVariation" classname="co.alexjo.examsquirrel.exam.QuestionTest" time="0.0"/>
  <testcase name="testGetChoices" classname="co.alexjo.examsquirrel.exam.QuestionTest" time="0.0"/>
  <testcase name="testAddTip" classname="co.alexjo.examsquirrel.exam.QuestionTest" time="0.001"/>
  <testcase name="testGetContent" classname="co.alexjo.examsquirrel.exam.QuestionTest" time="0.001"/>
  <testcase name="testSetTopic" classname="co.alexjo.examsquirrel.exam.QuestionTest" time="0.0"/>
  <system-out><![CDATA[]]></system-out>
  <system-err><![CDATA[]]></system-err>
</testsuite>
