<?xml version="1.0" encoding="UTF-8"?>
<testsuite name="co.alexjo.examsquirrel.exam.ShuffledListTest" tests="5" skipped="0" failures="0" errors="0" timestamp="2017-02-17T20:30:49" hostname="Alexbrjo.local" time="0.007">
  <properties/>
  <testcase name="testNewShuffledList" classname="co.alexjo.examsquirrel.exam.ShuffledListTest" time="0.001"/>
  <testcase name="testAdd" classname="co.alexjo.examsquirrel.exam.ShuffledListTest" time="0.0"/>
  <testcase name="testOrder" classname="co.alexjo.examsquirrel.exam.ShuffledListTest" time="0.0"/>
  <testcase name="testShuffle" classname="co.alexjo.examsquirrel.exam.ShuffledListTest" time="0.002"/>
  <testcase name="testAddWithIndex" classname="co.alexjo.examsquirrel.exam.ShuffledListTest" time="0.002"/>
  <system-out><![CDATA[]]></system-out>
  <system-err><![CDATA[]]></system-err>
</testsuite>
