<?xml version="1.0" encoding="UTF-8"?>
<testsuite name="co.alexjo.examsquirrel.PropertiesTest" tests="1" skipped="0" failures="0" errors="0" timestamp="2017-02-17T20:30:49" hostname="Alexbrjo.local" time="0.0">
  <properties/>
  <testcase name="testNewProperties" classname="co.alexjo.examsquirrel.PropertiesTest" time="0.0"/>
  <system-out><![CDATA[]]></system-out>
  <system-err><![CDATA[]]></system-err>
</testsuite>
